2021   8  0   3.4   3.2  26.4 303.4   1.6  -2.7   0.6   0.1   59716.   3.9  408.   2.64
2021   8  1   3.3   3.2  28.3 343.7   2.7  -1.2   1.2   0.0   58470.   3.8  396.   2.71
2021   8  2   3.2   2.7  23.0 265.2  -0.2  -2.7   0.5   0.2   59183.   3.9  411.   2.97
2021   8  3   3.3   2.2  -1.7 285.7   0.6  -2.0  -0.5   0.3   57750.   3.8  402.   2.70
2021   8  4   3.2   3.2  -2.6   2.3   3.2   0.1  -0.1   0.1   58244.   3.7  386.   2.80
2021   8  5   3.3   3.1  15.7 351.0   3.0  -0.6   0.8   0.3   53552.   3.6  381.   2.50
2021   8  6   3.7   3.5  29.1 343.2   2.9  -1.0   1.6   0.3   49955.   3.3  381.   1.79
2021   8  7   2.9   2.4  14.7 283.6   0.6  -2.3   0.6   0.3   59305.   4.2  387.   3.90
2021   8  8   3.0   2.8   2.3 341.9   2.7  -0.9   0.1   0.2   54728.   3.9  369.   3.30
2021   8  9   3.5   3.4  19.3 324.3   2.6  -1.9   1.2   0.3   49557.   3.4  373.   2.05
2021   8 10   3.3   3.3  12.0 316.2   2.3  -2.2   0.8   0.4   47237.   3.7  376.   2.48
2021   8 11   3.7   3.7   4.2 348.7   3.6  -0.7   0.3   0.1   36517.   2.9  357.   1.45
2021   8 12   3.4   2.4   9.4 335.9   2.1  -1.0   0.4   0.6   46090.   3.6  359.   2.26
2021   8 13   3.6   3.5  13.7 241.8  -1.6  -3.0   0.8   0.2   45547.   4.5  380.   2.51
2021   8 14   4.0   3.9  -2.3 221.7  -2.9  -2.6  -0.3   0.5   33604.   4.5  382.   1.90
2021   8 15   4.4   4.4  -0.7 221.5  -3.3  -2.9  -0.3   0.1   29336.   4.2  375.   1.42
2021   8 16   4.2   3.9   8.4 234.7  -2.2  -3.1   0.2   0.2   40075.   4.4  372.   1.75
2021   8 17   4.0   3.7  31.3 263.9  -0.3  -3.4   1.4   0.2   50067.   4.4  364.   2.04
2021   8 18   4.1   3.9  22.1 261.6  -0.5  -3.8   0.7   0.3   36586.   4.3  355.   1.76
2021   8 19   3.7   3.5   9.4 245.6  -1.4  -3.2  -0.2   0.4   37725.   4.9  361.   2.47
2021   8 20   4.0   4.0  -1.4 343.9   3.8  -1.0  -0.4   0.1   33498.   3.6  341.   1.52
2021   8 21   4.1   4.0   5.3 345.0   3.9  -1.1   0.1   0.1   28485.   3.4  340.   1.32
2021   8 22   4.1   4.0  -2.3 332.8   3.6  -1.7  -0.7   0.1   42418.   4.8  342.   2.03
2021   8 23   4.4   4.3 -16.2 337.6   3.8  -1.1  -1.6   0.1   47848.   4.1  331.   1.55
