2021  33  0   8.8   6.3 -15.5 294.4   2.5  -4.2  -3.9   1.1   58196.  48.7  366.   4.88
2021  33  1  12.6   9.8  36.2 288.3   2.5  -9.2   2.1   2.0  107875.  24.6  383.   1.52
2021  33  2  13.4   9.3 -31.5 291.1   2.9  -4.9  -7.4   2.2  119119.  22.4  392.   1.28
2021  33  3  16.8  12.6  34.2 309.9   6.7 -10.0   3.8   2.2  135845.  19.1  409.   0.74
2021  33  4  15.7  15.5  10.3 284.0   3.7 -14.9  -2.0   1.4  203725.  14.7  431.   0.82
2021  33  5  15.2  14.7 -10.7 297.0   6.5 -11.6  -6.0   2.7  159826.  14.0  419.   0.73
2021  33  6  14.2  13.8   0.1 303.1   7.5 -11.3  -2.6   2.0  146394.  15.3  436.   0.87
2021  33  7   9.3   3.9  83.7 308.0   0.3  -1.0   3.8   1.7  258592.  12.7  467.   2.36
2021  33  8   7.9   6.1  27.4 288.4   1.7  -5.6   2.0   1.4  305327.  11.0  488.   3.18
2021  33  9   6.5   3.9  -9.8 297.8   1.8  -3.3  -1.1   0.8  288237.   9.7  508.   3.98
2021  33 10   5.6   4.6  22.5 293.9   1.7  -4.0   1.2   0.4  255644.   6.6  538.   3.36
2021  33 11   6.7   5.9   6.4 306.8   3.5  -4.8   0.1   0.8  215707.   6.5  530.   2.07
2021  33 12   8.2   7.7 -19.7 299.4   3.6  -5.9  -3.4   0.4  195681.   6.1  523.   1.22
2021  33 13   8.8   8.1 -15.7 302.0   4.1  -6.2  -3.2   0.4  185047.   5.9  519.   0.99
2021  33 14   9.5   9.2  -9.5 313.7   6.3  -6.2  -2.7   0.3  164857.   5.1  508.   0.69
2021  33 15   8.8   8.1  15.1 324.2   6.3  -4.9   1.0   0.7  216050.   5.4  512.   1.00
2021  33 16   6.1   5.4  28.7 346.7   4.6  -1.7   2.2   0.5  229467.   4.7  538.   1.88
2021  33 17   6.4   6.1  34.6 359.9   5.0  -1.0   3.2   0.3  201930.   4.5  525.   1.51
2021  33 18   6.8   6.0  51.0  75.7   0.9   1.8   5.7   0.6  192846.   4.7  540.   1.36
2021  33 19   7.0   6.2  51.4 329.2   3.3  -3.7   3.8   0.3  193792.   4.1  525.   1.12
2021  33 20   6.7   5.6  48.1 320.9   2.9  -3.9   2.8   0.7  192516.   4.4  526.   1.31
2021  33 21   6.5   6.0  20.7 358.6   5.6  -1.0   1.9   0.3  172441.   5.1  519.   1.51
2021  33 22   7.1   6.6  17.0 331.7   5.5  -3.5   0.4   0.3  175985.   5.2  516.   1.31
2021  33 23   8.3   7.5  32.4 329.5   5.4  -4.7   2.1   0.7  185789.   3.7  528.   0.70
