2021  30  0   3.3   2.3  30.6  18.1   1.9   0.0   1.3   0.3   42287.   4.4  342.   2.87
2021  30  1   4.0   3.8   6.5 348.8   3.7  -0.8   0.1   0.2   41566.   4.5  337.   1.99
2021  30  2   3.2   3.0 -38.0 353.0   2.3   0.4  -1.8   0.5   43279.   4.4  335.   3.07
2021  30  3   2.7   2.0 -10.3 326.0   1.6  -0.9  -0.7   0.4   44301.   4.7  333.   4.63
2021  30  4   3.5   3.3  14.9 298.7   1.5  -2.9  -0.1   0.2   43671.   4.4  329.   2.57
2021  30  5   3.3   3.1  13.5 275.1   0.3  -3.1  -0.1   0.1   41101.   4.5  333.   2.91
2021  30  6   3.3   3.1  -5.0 282.2   0.7  -2.9  -0.9   0.1   41180.   4.6  330.   2.98
2021  30  7   3.4   3.3  -6.2 275.4   0.3  -3.1  -0.9   0.2   39087.   4.7  333.   2.83
2021  30  8   3.7   3.6   3.9 293.0   1.4  -3.3  -0.3   0.1   31259.   4.7  325.   2.28
2021  30  9   3.5   2.8 -21.2 221.4  -2.0  -1.6  -1.2   0.2   26323.   4.8  338.   2.52
2021  30 10   3.5   3.3  -3.5 245.1  -1.4  -3.0  -0.5   0.1   23408.   4.8  335.   2.47
2021  30 11   3.4   3.3 -14.0 255.9  -0.8  -3.0  -1.1   0.1   24713.   5.0  332.   2.75
2021  30 12   3.3   3.1 -22.6 242.4  -1.3  -2.3  -1.5   0.1   25043.   5.5  339.   3.22
2021  30 13   3.3   3.1  -8.7 280.9   0.6  -2.9  -0.9   0.1   29303.   5.6  324.   3.37
2021  30 14   3.2   1.9 -23.0 271.2   0.0  -1.6  -1.0   0.1   25007.   5.5  323.   3.43
2021  30 15   3.4   3.3 -21.3 239.1  -1.6  -2.3  -1.7   0.2   21556.   5.5  331.   2.97
2021  30 16   3.5   3.3 -31.3 244.6  -1.2  -2.0  -2.3   0.1   21069.   5.6  327.   2.84
2021  30 17   3.6   3.5   2.5 289.6   1.2  -3.2  -0.8   0.1   22547.   5.6  314.   2.71
2021  30 18   3.7   3.5   0.6 284.5   0.9  -3.1  -1.1   0.1   24921.   5.5  314.   2.56
2021  30 19   3.6   3.5  13.0 294.7   1.4  -3.2  -0.4   0.1   23208.   5.6  310.   2.72
2021  30 20   3.5   3.4   6.5 270.9   0.1  -3.3  -1.0   0.1   21399.   6.0  313.   3.05
2021  30 21   3.5   3.4  -5.7 266.7  -0.2  -2.9  -1.7   0.1   19567.   6.5  314.   3.27
2021  30 22   3.4   3.3  -0.9 285.8   0.9  -2.8  -1.5   0.1   20205.   7.2  309.   3.85
2021  30 23   3.5   3.4   4.6 271.4   0.1  -3.1  -1.2   0.2   20159.   7.4  310.   3.73
