2021  33  0   8.8   6.3 -15.5 294.4   2.5  -5.5  -1.7   1.1  6.4
2021  33  1  12.6   9.8  36.2 288.3   2.5  -7.5   5.8   2.0  5.0
2021  33  2  13.4   9.3 -31.5 291.1   2.9  -7.4  -4.9   2.2  4.8
2021  33  3  16.8  12.6  34.2 309.9   6.7  -8.0   7.1   2.2  4.2
2021  33  4  15.7  15.5  10.3 284.0   3.7 -14.8   2.8   1.4  4.0
2021  33  5  15.2  14.7 -10.7 297.0   6.5 -12.8  -2.7   2.7  4.0
2021  33  6  14.2  13.8   0.1 303.1   7.5 -11.6   0.0   2.0  4.5
2021  33  7   9.3   3.9  83.7 308.0   0.3  -0.3   3.9   1.7  5.1
2021  33  8   7.9   6.1  27.4 288.4   1.7  -5.2   2.8   1.4  5.3
2021  33  9   6.5   3.9  -9.8 297.8   1.8  -3.4  -0.7   0.8  5.8
2021  33 10   5.6   4.6  22.5 293.9   1.7  -3.8   1.7   0.4  6.2
2021  33 11   6.7   5.9   6.4 306.8   3.5  -4.7   0.7   0.8  6.0
2021  33 12   8.2   7.7 -19.7 299.4   3.6  -6.3  -2.6   0.4  5.5
2021  33 13   8.8   8.1 -15.7 302.0   4.1  -6.6  -2.2   0.4  5.3
2021  33 14   9.5   9.2  -9.5 313.7   6.3  -6.6  -1.5   0.3  4.8
2021  33 15   8.8   8.1  15.1 324.2   6.3  -4.5   2.1   0.7  5.0
2021  33 16   6.1   5.4  28.7 346.7   4.6  -1.1   2.6   0.5  5.9
2021  33 17   6.4   6.1  34.6 359.9   5.0   0.0   3.4   0.3  5.7
2021  33 18   6.8   6.0  51.0  75.7   0.9   3.7   4.7   0.6  5.8
2021  33 19   7.0   6.2  51.4 329.2   3.3  -2.0   4.9   0.3  5.4
2021  33 20   6.7   5.6  48.1 320.9   2.9  -2.4   4.2   0.7  5.6
2021  33 21   6.5   6.0  20.7 358.6   5.6  -0.1   2.1   0.3  5.9
2021  33 22   7.1   6.6  17.0 331.7   5.5  -3.0   1.9   0.3  5.7
2021  33 23   8.3   7.5  32.4 329.5   5.4  -3.2   4.0   0.7  4.8
