2021   8  0   3.4   3.2  26.4 303.4   1.6  -2.4   1.4   0.1  6.5
2021   8  1   3.3   3.2  28.3 343.7   2.7  -0.8   1.5   0.0  6.4
2021   8  2   3.2   2.7  23.0 265.2  -0.2  -2.5   1.1   0.2  6.7
2021   8  3   3.3   2.2  -1.7 285.7   0.6  -2.1  -0.1   0.3  6.5
2021   8  4   3.2   3.2  -2.6   2.3   3.2   0.1  -0.1   0.1  6.3
2021   8  5   3.3   3.1  15.7 351.0   3.0  -0.5   0.9   0.3  6.2
2021   8  6   3.7   3.5  29.1 343.2   2.9  -0.9   1.7   0.3  5.9
2021   8  7   2.9   2.4  14.7 283.6   0.6  -2.3   0.6   0.3  6.5
2021   8  8   3.0   2.8   2.3 341.9   2.7  -0.9   0.1   0.2  6.2
2021   8  9   3.5   3.4  19.3 324.3   2.6  -1.9   1.1   0.3  5.9
2021   8 10   3.3   3.3  12.0 316.2   2.3  -2.2   0.7   0.4  6.2
2021   8 11   3.7   3.7   4.2 348.7   3.6  -0.7   0.3   0.1  5.5
2021   8 12   3.4   2.4   9.4 335.9   2.1  -1.0   0.4   0.6  5.8
2021   8 13   3.6   3.5  13.7 241.8  -1.6  -3.0   0.8   0.2  6.3
2021   8 14   4.0   3.9  -2.3 221.7  -2.9  -2.6  -0.2   0.5  6.2
2021   8 15   4.4   4.4  -0.7 221.5  -3.3  -2.9  -0.1   0.1  5.8
2021   8 16   4.2   3.9   8.4 234.7  -2.2  -3.1   0.6   0.2  5.9
2021   8 17   4.0   3.7  31.3 263.9  -0.3  -3.1   1.9   0.2  5.7
2021   8 18   4.1   3.9  22.1 261.6  -0.5  -3.6   1.5   0.3  5.7
2021   8 19   3.7   3.5   9.4 245.6  -1.4  -3.1   0.6   0.4  6.1
2021   8 20   4.0   4.0  -1.4 343.9   3.8  -1.1  -0.1   0.1  5.3
2021   8 21   4.1   4.0   5.3 345.0   3.9  -1.0   0.4   0.1  5.2
2021   8 22   4.1   4.0  -2.3 332.8   3.6  -1.8  -0.2   0.1  5.5
2021   8 23   4.4   4.3 -16.2 337.6   3.8  -1.6  -1.2   0.1  5.0
