2021  30  0   3.3   2.3  30.6  18.1   1.9   0.6   1.2   0.3  5.8
2021  30  1   4.0   3.8   6.5 348.8   3.7  -0.7   0.4   0.2  5.4
2021  30  2   3.2   3.0 -38.0 353.0   2.3  -0.3  -1.8   0.5  5.7
2021  30  3   2.7   2.0 -10.3 326.0   1.6  -1.1  -0.4   0.4  6.0
2021  30  4   3.5   3.3  14.9 298.7   1.5  -2.8   0.8   0.2  5.5
2021  30  5   3.3   3.1  13.5 275.1   0.3  -3.0   0.7   0.1  5.7
2021  30  6   3.3   3.1  -5.0 282.2   0.7  -3.0  -0.3   0.1  5.7
2021  30  7   3.4   3.3  -6.2 275.4   0.3  -3.2  -0.4   0.2  5.7
2021  30  8   3.7   3.6   3.9 293.0   1.4  -3.3   0.2   0.1  5.5
2021  30  9   3.5   2.8 -21.2 221.4  -2.0  -1.7  -1.0   0.2  5.9
2021  30 10   3.5   3.3  -3.5 245.1  -1.4  -3.0  -0.2   0.1  5.9
2021  30 11   3.4   3.3 -14.0 255.9  -0.8  -3.1  -0.8   0.1  5.9
2021  30 12   3.3   3.1 -22.6 242.4  -1.3  -2.5  -1.2   0.1  6.2
2021  30 13   3.3   3.1  -8.7 280.9   0.6  -3.0  -0.5   0.1  5.9
2021  30 14   3.2   1.9 -23.0 271.2   0.0  -1.7  -0.7   0.1  5.9
2021  30 15   3.4   3.3 -21.3 239.1  -1.6  -2.6  -1.2   0.2  6.0
2021  30 16   3.5   3.3 -31.3 244.6  -1.2  -2.5  -1.7   0.1  5.9
2021  30 17   3.6   3.5   2.5 289.6   1.2  -3.3   0.2   0.1  5.6
2021  30 18   3.7   3.5   0.6 284.5   0.9  -3.3   0.0   0.1  5.6
2021  30 19   3.6   3.5  13.0 294.7   1.4  -3.1   0.8   0.1  5.6
2021  30 20   3.5   3.4   6.5 270.9   0.1  -3.4   0.4   0.1  5.7
2021  30 21   3.5   3.4  -5.7 266.7  -0.2  -3.3  -0.3   0.1  5.9
2021  30 22   3.4   3.3  -0.9 285.8   0.9  -3.2  -0.1   0.1  5.9
2021  30 23   3.5   3.4   4.6 271.4   0.1  -3.3   0.3   0.2  5.9
